<?xml version="1.0" encoding="UTF-8"?>
<testsuite xmlns:xsi="http://www.w3.org/2001/XMLSchema-instance" xsi:noNamespaceSchemaLocation="https://maven.apache.org/surefire/maven-surefire-plugin/xsd/surefire-test-report-3.0.xsd" version="3.0" name="TestSuite" time="47.913" tests="1" errors="0" skipped="0" failures="1">
  <properties>
[...]
</properties>
  <testcase name="runScenario" classname="Runner.TestRunner" time="42.276">
    <failure message="element click intercepted: Element &lt;div class=&quot;control__indicator&quot;&gt;&lt;/div&gt; is not clickable at point (684, 915). Other element would receive the click: &lt;th class=&quot;dow&quot;&gt;...&lt;/th&gt;&#10;  (Session info: chrome=79.0.3945.88)&#10;Build info: version: &apos;3.141.59&apos;, revision: &apos;e82be7d358&apos;, time: &apos;2018-11-14T08:17:03&apos;&#10;System info: host: &apos;LAPTOP-PKB0IPQK&apos;, ip: &apos;192.168.0.128&apos;, os.name: &apos;Windows 10&apos;, os.arch: &apos;amd64&apos;, os.version: &apos;10.0&apos;, java.version: &apos;1.8.0_231&apos;&#10;Driver info: org.openqa.selenium.chrome.ChromeDriver&#10;Capabilities {acceptInsecureCerts: false, browserName: chrome, browserVersion: 79.0.3945.88, chrome: {chromedriverVersion: 79.0.3945.36 (3582db32b3389..., userDataDir: C:\Users\Ayyappan\AppData\L...}, goog:chromeOptions: {debuggerAddress: localhost:50469}, javascriptEnabled: true, networkConnectionEnabled: false, pageLoadStrategy: normal, platform: WINDOWS, platformName: WINDOWS, proxy: Proxy(), setWindowRect: true, strictFileInteractability: false, timeouts: {implicit: 0, pageLoad: 300000, script: 30000}, unhandledPromptBehavior: dismiss and notify}&#10;Session ID: bb732b11766f085d9cc987f6f9496365" type="org.openqa.selenium.ElementClickInterceptedException"><![CDATA[org.openqa.selenium.ElementClickInterceptedException: 
element click intercepted: Element <div class="control__indicator"></div> is not clickable at point (684, 915). Other element would receive the click: <th class="dow">...</th>
  (Session info: chrome=79.0.3945.88)
Build info: version: '3.141.59', revision: 'e82be7d358', time: '2018-11-14T08:17:03'
System info: host: 'LAPTOP-PKB0IPQK', ip: '192.168.0.128', os.name: 'Windows 10', os.arch: 'amd64', os.version: '10.0', java.version: '1.8.0_231'
Driver info: org.openqa.selenium.chrome.ChromeDriver
Capabilities {acceptInsecureCerts: false, browserName: chrome, browserVersion: 79.0.3945.88, chrome: {chromedriverVersion: 79.0.3945.36 (3582db32b3389..., userDataDir: C:\Users\Ayyappan\AppData\L...}, goog:chromeOptions: {debuggerAddress: localhost:50469}, javascriptEnabled: true, networkConnectionEnabled: false, pageLoadStrategy: normal, platform: WINDOWS, platformName: WINDOWS, proxy: Proxy(), setWindowRect: true, strictFileInteractability: false, timeouts: {implicit: 0, pageLoad: 300000, script: 30000}, unhandledPromptBehavior: dismiss and notify}
Session ID: bb732b11766f085d9cc987f6f9496365
]]></failure>
    <system-out><![CDATA[Feature: Verify Sharetask.eu is working E2E

  Scenario: Verify sharetask.eu is working end to end # C:/Users/Ayyappan/shareTaskEU/src/test/java/FeatureFiles/Dashboard.feature:3
    Given Login page is displayed                     # Dashboard_StepDef.login_page_is_displayed()
HOME SERVICE EXPERTS
    When User logged in into sharetask                # Dashboard_StepDef.user_logged_in_into_sharetask()
    Then click on Dashboard menu                      # Dashboard_StepDef.click_on_Dashboard_menu()
Dashboard
    Then Verify Dashboard page is displayed           # Dashboard_StepDef.verify_Dashboard_page_is_displayed()
    When click on Account link                        # Dashboard_StepDef.click_on_Account_link()
Account
Gardener
Brussels, Belgium
12/41/83
842836859
    Then Account Page should be displayed             # Dashboard_StepDef.account_Page_should_be_displayed()
      org.openqa.selenium.ElementClickInterceptedException: element click intercepted: Element <div class="control__indicator"></div> is not clickable at point (684, 915). Other element would receive the click: <th class="dow">...</th>
  (Session info: chrome=79.0.3945.88)
Build info: version: '3.141.59', revision: 'e82be7d358', time: '2018-11-14T08:17:03'
System info: host: 'LAPTOP-PKB0IPQK', ip: '192.168.0.128', os.name: 'Windows 10', os.arch: 'amd64', os.version: '10.0', java.version: '1.8.0_231'
Driver info: org.openqa.selenium.chrome.ChromeDriver
Capabilities {acceptInsecureCerts: false, browserName: chrome, browserVersion: 79.0.3945.88, chrome: {chromedriverVersion: 79.0.3945.36 (3582db32b3389..., userDataDir: C:\Users\Ayyappan\AppData\L...}, goog:chromeOptions: {debuggerAddress: localhost:50469}, javascriptEnabled: true, networkConnectionEnabled: false, pageLoadStrategy: normal, platform: WINDOWS, platformName: WINDOWS, proxy: Proxy(), setWindowRect: true, strictFileInteractability: false, timeouts: {implicit: 0, pageLoad: 300000, script: 30000}, unhandledPromptBehavior: dismiss and notify}
Session ID: bb732b11766f085d9cc987f6f9496365
	at sun.reflect.NativeConstructorAccessorImpl.newInstance0(Native Method)
	at sun.reflect.NativeConstructorAccessorImpl.newInstance(NativeConstructorAccessorImpl.java:62)
	at sun.reflect.DelegatingConstructorAccessorImpl.newInstance(DelegatingConstructorAccessorImpl.java:45)
	at java.lang.reflect.Constructor.newInstance(Constructor.java:423)
	at org.openqa.selenium.remote.http.W3CHttpResponseCodec.createException(W3CHttpResponseCodec.java:187)
	at org.openqa.selenium.remote.http.W3CHttpResponseCodec.decode(W3CHttpResponseCodec.java:122)
	at org.openqa.selenium.remote.http.W3CHttpResponseCodec.decode(W3CHttpResponseCodec.java:49)
	at org.openqa.selenium.remote.HttpCommandExecutor.execute(HttpCommandExecutor.java:158)
	at org.openqa.selenium.remote.service.DriverCommandExecutor.execute(DriverCommandExecutor.java:83)
	at org.openqa.selenium.remote.RemoteWebDriver.execute(RemoteWebDriver.java:552)
	at org.openqa.selenium.remote.RemoteWebElement.execute(RemoteWebElement.java:285)
	at org.openqa.selenium.remote.RemoteWebElement.click(RemoteWebElement.java:84)
	at sun.reflect.NativeMethodAccessorImpl.invoke0(Native Method)
	at sun.reflect.NativeMethodAccessorImpl.invoke(NativeMethodAccessorImpl.java:62)
	at sun.reflect.DelegatingMethodAccessorImpl.invoke(DelegatingMethodAccessorImpl.java:43)
	at java.lang.reflect.Method.invoke(Method.java:498)
	at org.openqa.selenium.support.pagefactory.internal.LocatingElementHandler.invoke(LocatingElementHandler.java:51)
	at com.sun.proxy.$Proxy14.click(Unknown Source)
	at Pages.AccountPage.PostTasks(AccountPage.java:180)
	at StepDefinitions.Dashboard_StepDef.account_Page_should_be_displayed(Dashboard_StepDef.java:104)
	at ?.Account Page should be displayed(C:/Users/Ayyappan/shareTaskEU/src/test/java/FeatureFiles/Dashboard.feature:9)

    When click on Profile link                        # Dashboard_StepDef.click_on_Profile_link()
    Then Profile page should be displayed             # Dashboard_StepDef.profile_page_should_be_displayed()
    When click on Skills link                         # Dashboard_StepDef.click_on_Skills_link()
    Then Skills page should be displayed              # Dashboard_StepDef.skills_page_should_be_displayed()
    When click on Verification link                   # Dashboard_StepDef.click_on_Verification_link()
    Then Verification page should be displayed        # Dashboard_StepDef.verification_page_should_be_displayed()
    When click on Payment link                        # Dashboard_StepDef.click_on_Payment_link()
    Then Payment page should be displayed             # Dashboard_StepDef.payment_page_should_be_displayed()
    When click on logout button on the dashboardpage  # Dashboard_StepDef.click_on_logout_button_on_the_dashboardpage()
    Then perform VAT calculations                     # Dashboard_StepDef.perform_VAT_calculations()
    When Close the current browser session            # Dashboard_StepDef.close_the_current_browser_session()
]]></system-out>
    <system-err><![CDATA[Starting ChromeDriver 79.0.3945.36 (3582db32b33893869b8c1339e8f4d9ed1816f143-refs/branch-heads/3945@{#614}) on port 25164
Only local connections are allowed.
Please protect ports used by ChromeDriver and related test frameworks to prevent access by malicious code.
[1578480962.454][WARNING]: Timed out connecting to Chrome, retrying...
Jan 08, 2020 11:56:04 AM org.openqa.selenium.remote.ProtocolHandshake createSession
INFO: Detected dialect: W3C
[1578480966.694][WARNING]: Timed out connecting to Chrome, retrying...
]]></system-err>
  </testcase>
</testsuite>